Arguments: 
  /usr/bin/node /usr/share/yarn/bin/yarn.js add -D eslint prettier eslint-config-prettier eslint-plugin-prettier eslint import-resolver-typescript eslint-plugin-import

PATH: 
  /usr/local/sbin:/usr/local/bin:/usr/sbin:/usr/bin:/sbin:/bin:/usr/games:/usr/local/games:/snap/bin:/home/jean/Android/Sdk/emulator:/home/jean/Android/Sdk/tools:/home/jean/Android/Sdk/tools/bin:/home/jean/Android/Sdk/platform-tools:/snap/android-studio/90/android-studio/bin:/home/jean/Android/Sdk/emulator:/home/jean/Android/Sdk/tools:/home/jean/Android/Sdk/tools/bin:/home/jean/Android/Sdk/platform-tools:/snap/android-studio/90/android-studio/bin

Yarn version: 
  1.22.4

Node version: 
  12.18.3

Platform: 
  linux x64

Trace: 
  Error: https://registry.yarnpkg.com/import-resolver-typescript: Not found
      at Request.params.callback [as _callback] (/usr/share/yarn/lib/cli.js:66987:18)
      at Request.self.callback (/usr/share/yarn/lib/cli.js:140748:22)
      at Request.emit (events.js:315:20)
      at Request.<anonymous> (/usr/share/yarn/lib/cli.js:141720:10)
      at Request.emit (events.js:315:20)
      at IncomingMessage.<anonymous> (/usr/share/yarn/lib/cli.js:141642:12)
      at Object.onceWrapper (events.js:421:28)
      at IncomingMessage.emit (events.js:327:22)
      at endReadableNT (_stream_readable.js:1220:12)
      at processTicksAndRejections (internal/process/task_queues.js:84:21)

npm manifest: 
  {
    "name": "@proffy.v2.0/eslint-config",
    "version": "1.0.0",
    "main": "index.js",
    "license": "MIT"
  }

yarn manifest: 
  No manifest

Lockfile: 
  # THIS IS AN AUTOGENERATED FILE. DO NOT EDIT THIS FILE DIRECTLY.
  # yarn lockfile v1
