Arguments: 
  /usr/bin/node /usr/share/yarn/bin/yarn.js install

PATH: 
  /usr/local/sbin:/usr/local/bin:/usr/sbin:/usr/bin:/sbin:/bin:/usr/games:/usr/local/games:/snap/bin:/home/jean/Android/Sdk/emulator:/home/jean/Android/Sdk/tools:/home/jean/Android/Sdk/tools/bin:/home/jean/Android/Sdk/platform-tools:/snap/android-studio/90/android-studio/bin:/home/jean/Android/Sdk/emulator:/home/jean/Android/Sdk/tools:/home/jean/Android/Sdk/tools/bin:/home/jean/Android/Sdk/platform-tools:/snap/android-studio/90/android-studio/bin

Yarn version: 
  1.22.4

Node version: 
  12.18.3

Platform: 
  linux x64

Trace: 
  Error: https://registry.yarnpkg.com/@proffy.v1.9%2feslint-config: Not found
      at Request.params.callback [as _callback] (/usr/share/yarn/lib/cli.js:66987:18)
      at Request.self.callback (/usr/share/yarn/lib/cli.js:140748:22)
      at Request.emit (events.js:315:20)
      at Request.<anonymous> (/usr/share/yarn/lib/cli.js:141720:10)
      at Request.emit (events.js:315:20)
      at IncomingMessage.<anonymous> (/usr/share/yarn/lib/cli.js:141642:12)
      at Object.onceWrapper (events.js:421:28)
      at IncomingMessage.emit (events.js:327:22)
      at endReadableNT (_stream_readable.js:1220:12)
      at processTicksAndRejections (internal/process/task_queues.js:84:21)

npm manifest: 
  {
     "name": "@proffy.v1.9/server",
     "version": "1.0.0",
     "main": "./src/server.ts",
     "license": "MIT",
     "scripts": {
        "start": "ts-node-dev -r tsconfig-paths/register src/server.ts",
        "knex:migrate": "knex --knexfile knexfile.ts migrate:latest",
        "knex:migrate:rollback": "knex --knexfile knexfile.ts migrate:rollback",
        "typeorm": "node --require ts-node/register -r tsconfig-paths/register ./node_modules/typeorm/cli.js"
     },
     "devDependencies": {
        "@types/bcrypt": "^3.0.0",
        "@types/cors": "^2.8.7",
        "@types/express": "^4.17.7",
        "@types/jsonwebtoken": "^8.5.0",
        "@types/node": "^8.0.29",
        "ts-node": "3.3.0",
        "ts-node-dev": "^1.0.0-pre.56",
        "tsconfig-paths": "^3.9.0",
        "typescript": "^3.9.7"
     },
     "dependencies": {
        "bcrypt": "^5.0.0",
        "cors": "^2.8.5",
        "express": "^4.17.1",
        "jsonwebtoken": "^8.5.1",
        "knex": "^0.21.2",
        "mysql": "^2.14.1",
        "reflect-metadata": "^0.1.13",
        "sqlite3": "^5.0.0",
        "typeorm": "0.2.25"
     }
  }

yarn manifest: 
  No manifest

Lockfile: 
  No lockfile
